Installing Apache HTTP Server 2.x with
 DomainName =    localhost
 ServerName =    localhost
 ServerAdmin =   admin@localhost
 ServerPort =    8080
 ServerSslPort = 443
 ServerRoot =    C:/Users/Alan/Desktop/uni/5th/mobile/1c_mobile/Apache2.2
Rewrote C:/Users/Alan/Desktop/uni/5th/mobile/1c_mobile/Apache2.2/conf/original/extra/httpd-autoindex.conf.in
 to C:/Users/Alan/Desktop/uni/5th/mobile/1c_mobile/Apache2.2/conf/original/extra/httpd-autoindex.conf
Successfully removed C:\Users\Alan\Desktop\uni\5th\mobile\1c_mobile\Apache2.2\conf\original\extra\httpd-autoindex.conf.in
Rewrote C:/Users/Alan/Desktop/uni/5th/mobile/1c_mobile/Apache2.2/conf/original/extra/httpd-vhosts.conf.in
 to C:/Users/Alan/Desktop/uni/5th/mobile/1c_mobile/Apache2.2/conf/original/extra/httpd-vhosts.conf
Successfully removed C:\Users\Alan\Desktop\uni\5th\mobile\1c_mobile\Apache2.2\conf\original\extra\httpd-vhosts.conf.in
Rewrote C:/Users/Alan/Desktop/uni/5th/mobile/1c_mobile/Apache2.2/conf/original/extra/httpd-default.conf.in
 to C:/Users/Alan/Desktop/uni/5th/mobile/1c_mobile/Apache2.2/conf/original/extra/httpd-default.conf
Successfully removed C:\Users\Alan\Desktop\uni\5th\mobile\1c_mobile\Apache2.2\conf\original\extra\httpd-default.conf.in
Rewrote C:/Users/Alan/Desktop/uni/5th/mobile/1c_mobile/Apache2.2/conf/original/extra/httpd-manual.conf.in
 to C:/Users/Alan/Desktop/uni/5th/mobile/1c_mobile/Apache2.2/conf/original/extra/httpd-manual.conf
Successfully removed C:\Users\Alan\Desktop\uni\5th\mobile\1c_mobile\Apache2.2\conf\original\extra\httpd-manual.conf.in
Rewrote C:/Users/Alan/Desktop/uni/5th/mobile/1c_mobile/Apache2.2/conf/original/extra/httpd-mpm.conf.in
 to C:/Users/Alan/Desktop/uni/5th/mobile/1c_mobile/Apache2.2/conf/original/extra/httpd-mpm.conf
Successfully removed C:\Users\Alan\Desktop\uni\5th\mobile\1c_mobile\Apache2.2\conf\original\extra\httpd-mpm.conf.in
Rewrote C:/Users/Alan/Desktop/uni/5th/mobile/1c_mobile/Apache2.2/conf/original/extra/httpd-info.conf.in
 to C:/Users/Alan/Desktop/uni/5th/mobile/1c_mobile/Apache2.2/conf/original/extra/httpd-info.conf
Successfully removed C:\Users\Alan\Desktop\uni\5th\mobile\1c_mobile\Apache2.2\conf\original\extra\httpd-info.conf.in
Rewrote C:/Users/Alan/Desktop/uni/5th/mobile/1c_mobile/Apache2.2/conf/original/extra/httpd-dav.conf.in
 to C:/Users/Alan/Desktop/uni/5th/mobile/1c_mobile/Apache2.2/conf/original/extra/httpd-dav.conf
Successfully removed C:\Users\Alan\Desktop\uni\5th\mobile\1c_mobile\Apache2.2\conf\original\extra\httpd-dav.conf.in
Rewrote C:/Users/Alan/Desktop/uni/5th/mobile/1c_mobile/Apache2.2/conf/original/extra/httpd-languages.conf.in
 to C:/Users/Alan/Desktop/uni/5th/mobile/1c_mobile/Apache2.2/conf/original/extra/httpd-languages.conf
Successfully removed C:\Users\Alan\Desktop\uni\5th\mobile\1c_mobile\Apache2.2\conf\original\extra\httpd-languages.conf.in
Rewrote C:/Users/Alan/Desktop/uni/5th/mobile/1c_mobile/Apache2.2/conf/original/httpd.conf.in
 to C:/Users/Alan/Desktop/uni/5th/mobile/1c_mobile/Apache2.2/conf/original/httpd.conf
Successfully removed C:\Users\Alan\Desktop\uni\5th\mobile\1c_mobile\Apache2.2\conf\original\httpd.conf.in
Rewrote C:/Users/Alan/Desktop/uni/5th/mobile/1c_mobile/Apache2.2/conf/original/extra/httpd-userdir.conf.in
 to C:/Users/Alan/Desktop/uni/5th/mobile/1c_mobile/Apache2.2/conf/original/extra/httpd-userdir.conf
Successfully removed C:\Users\Alan\Desktop\uni\5th\mobile\1c_mobile\Apache2.2\conf\original\extra\httpd-userdir.conf.in
Rewrote C:/Users/Alan/Desktop/uni/5th/mobile/1c_mobile/Apache2.2/conf/original/extra/httpd-ssl.conf.in
 to C:/Users/Alan/Desktop/uni/5th/mobile/1c_mobile/Apache2.2/conf/original/extra/httpd-ssl.conf
Successfully removed C:\Users\Alan\Desktop\uni\5th\mobile\1c_mobile\Apache2.2\conf\original\extra\httpd-ssl.conf.in
Rewrote C:/Users/Alan/Desktop/uni/5th/mobile/1c_mobile/Apache2.2/conf/original/extra/httpd-multilang-errordoc.conf.in
 to C:/Users/Alan/Desktop/uni/5th/mobile/1c_mobile/Apache2.2/conf/original/extra/httpd-multilang-errordoc.conf
Successfully removed C:\Users\Alan\Desktop\uni\5th\mobile\1c_mobile\Apache2.2\conf\original\extra\httpd-multilang-errordoc.conf.in
Duplicated C:/Users/Alan/Desktop/uni/5th/mobile/1c_mobile/Apache2.2/conf/original/magic
 to C:/Users/Alan/Desktop/uni/5th/mobile/1c_mobile/Apache2.2/conf/magic
Duplicated C:/Users/Alan/Desktop/uni/5th/mobile/1c_mobile/Apache2.2/conf/original/extra/httpd-autoindex.conf
 to C:/Users/Alan/Desktop/uni/5th/mobile/1c_mobile/Apache2.2/conf/extra/httpd-autoindex.conf
Duplicated C:/Users/Alan/Desktop/uni/5th/mobile/1c_mobile/Apache2.2/conf/original/extra/httpd-vhosts.conf
 to C:/Users/Alan/Desktop/uni/5th/mobile/1c_mobile/Apache2.2/conf/extra/httpd-vhosts.conf
Duplicated C:/Users/Alan/Desktop/uni/5th/mobile/1c_mobile/Apache2.2/conf/original/extra/httpd-default.conf
 to C:/Users/Alan/Desktop/uni/5th/mobile/1c_mobile/Apache2.2/conf/extra/httpd-default.conf
Duplicated C:/Users/Alan/Desktop/uni/5th/mobile/1c_mobile/Apache2.2/conf/original/mime.types
 to C:/Users/Alan/Desktop/uni/5th/mobile/1c_mobile/Apache2.2/conf/mime.types
Duplicated C:/Users/Alan/Desktop/uni/5th/mobile/1c_mobile/Apache2.2/conf/original/charset.conv
 to C:/Users/Alan/Desktop/uni/5th/mobile/1c_mobile/Apache2.2/conf/charset.conv
Duplicated C:/Users/Alan/Desktop/uni/5th/mobile/1c_mobile/Apache2.2/conf/original/extra/httpd-manual.conf
 to C:/Users/Alan/Desktop/uni/5th/mobile/1c_mobile/Apache2.2/conf/extra/httpd-manual.conf
Duplicated C:/Users/Alan/Desktop/uni/5th/mobile/1c_mobile/Apache2.2/conf/original/extra/httpd-mpm.conf
 to C:/Users/Alan/Desktop/uni/5th/mobile/1c_mobile/Apache2.2/conf/extra/httpd-mpm.conf
Duplicated C:/Users/Alan/Desktop/uni/5th/mobile/1c_mobile/Apache2.2/conf/original/extra/httpd-info.conf
 to C:/Users/Alan/Desktop/uni/5th/mobile/1c_mobile/Apache2.2/conf/extra/httpd-info.conf
Duplicated C:/Users/Alan/Desktop/uni/5th/mobile/1c_mobile/Apache2.2/conf/original/extra/httpd-dav.conf
 to C:/Users/Alan/Desktop/uni/5th/mobile/1c_mobile/Apache2.2/conf/extra/httpd-dav.conf
Duplicated C:/Users/Alan/Desktop/uni/5th/mobile/1c_mobile/Apache2.2/conf/original/extra/httpd-languages.conf
 to C:/Users/Alan/Desktop/uni/5th/mobile/1c_mobile/Apache2.2/conf/extra/httpd-languages.conf
Duplicated C:/Users/Alan/Desktop/uni/5th/mobile/1c_mobile/Apache2.2/conf/original/httpd.conf
 to C:/Users/Alan/Desktop/uni/5th/mobile/1c_mobile/Apache2.2/conf/httpd.conf
Duplicated C:/Users/Alan/Desktop/uni/5th/mobile/1c_mobile/Apache2.2/conf/original/extra/httpd-userdir.conf
 to C:/Users/Alan/Desktop/uni/5th/mobile/1c_mobile/Apache2.2/conf/extra/httpd-userdir.conf
Duplicated C:/Users/Alan/Desktop/uni/5th/mobile/1c_mobile/Apache2.2/conf/original/extra/httpd-ssl.conf
 to C:/Users/Alan/Desktop/uni/5th/mobile/1c_mobile/Apache2.2/conf/extra/httpd-ssl.conf
Duplicated C:/Users/Alan/Desktop/uni/5th/mobile/1c_mobile/Apache2.2/conf/original/extra/httpd-multilang-errordoc.conf
 to C:/Users/Alan/Desktop/uni/5th/mobile/1c_mobile/Apache2.2/conf/extra/httpd-multilang-errordoc.conf
Successfully removed C:\Users\Alan\Desktop\uni\5th\mobile\1c_mobile\Apache2.2\conf\original\installwinconf.awk
